0 info it worked if it ends with ok
1 verbose cli [ '/usr/bin/nodejs', '/usr/bin/npm', 'install', 'sleep' ]
2 info using npm@3.5.2
3 info using node@v4.2.6
4 silly loadCurrentTree Starting
5 silly install loadCurrentTree
6 silly install readLocalPackageData
7 silly fetchPackageMetaData sleep@^3.0.1
8 silly fetchNamedPackageData sleep
9 silly mapToRegistry name sleep
10 silly mapToRegistry using default registry
11 silly mapToRegistry registry https://registry.npmjs.org/
12 silly mapToRegistry uri https://registry.npmjs.org/sleep
13 verbose request uri https://registry.npmjs.org/sleep
14 verbose request no auth needed
15 info attempt registry request try #1 at 8:46:26 PM
16 verbose request id f499eea015c23232
17 verbose etag W/"58da8407-521a"
18 verbose lastModified Tue, 28 Mar 2017 15:40:55 GMT
19 http request GET https://registry.npmjs.org/sleep
20 http 304 https://registry.npmjs.org/sleep
21 verbose headers { date: 'Fri, 07 Apr 2017 12:46:35 GMT',
21 verbose headers   via: '1.1 varnish',
21 verbose headers   'cache-control': 'max-age=300',
21 verbose headers   etag: 'W/"58da8407-521a"',
21 verbose headers   age: '130',
21 verbose headers   connection: 'keep-alive',
21 verbose headers   'x-served-by': 'cache-sin18035-SIN',
21 verbose headers   'x-cache': 'HIT',
21 verbose headers   'x-cache-hits': '2',
21 verbose headers   'x-timer': 'S1491569196.866348,VS0,VE0',
21 verbose headers   vary: 'Accept-Encoding' }
22 silly get cb [ 304,
22 silly get   { date: 'Fri, 07 Apr 2017 12:46:35 GMT',
22 silly get     via: '1.1 varnish',
22 silly get     'cache-control': 'max-age=300',
22 silly get     etag: 'W/"58da8407-521a"',
22 silly get     age: '130',
22 silly get     connection: 'keep-alive',
22 silly get     'x-served-by': 'cache-sin18035-SIN',
22 silly get     'x-cache': 'HIT',
22 silly get     'x-cache-hits': '2',
22 silly get     'x-timer': 'S1491569196.866348,VS0,VE0',
22 silly get     vary: 'Accept-Encoding' } ]
23 verbose etag https://registry.npmjs.org/sleep from cache
24 verbose get saving sleep to /home/ruby/.npm/registry.npmjs.org/sleep/.cache.json
25 silly install normalizeTree
26 silly loadCurrentTree Finishing
27 silly loadIdealTree Starting
28 silly install loadIdealTree
29 silly cloneCurrentTree Starting
30 silly install cloneCurrentTreeToIdealTree
31 silly cloneCurrentTree Finishing
32 silly loadShrinkwrap Starting
33 silly install loadShrinkwrap
34 silly loadShrinkwrap Finishing
35 silly loadAllDepsIntoIdealTree Starting
36 silly install loadAllDepsIntoIdealTree
37 silly resolveWithNewModule sleep@3.0.1 checking installable status
38 silly cache add args [ 'sleep@^3.0.1', null ]
39 verbose cache add spec sleep@^3.0.1
40 silly cache add parsed spec Result {
40 silly cache add   raw: 'sleep@^3.0.1',
40 silly cache add   scope: null,
40 silly cache add   name: 'sleep',
40 silly cache add   rawSpec: '^3.0.1',
40 silly cache add   spec: '>=3.0.1 <4.0.0',
40 silly cache add   type: 'range' }
41 silly addNamed sleep@>=3.0.1 <4.0.0
42 verbose addNamed ">=3.0.1 <4.0.0" is a valid semver range for sleep
43 silly addNameRange { name: 'sleep', range: '>=3.0.1 <4.0.0', hasData: false }
44 silly mapToRegistry name sleep
45 silly mapToRegistry using default registry
46 silly mapToRegistry registry https://registry.npmjs.org/
47 silly mapToRegistry uri https://registry.npmjs.org/sleep
48 verbose addNameRange registry:https://registry.npmjs.org/sleep not in flight; fetching
49 verbose get https://registry.npmjs.org/sleep not expired, no request
50 silly addNameRange number 2 { name: 'sleep', range: '>=3.0.1 <4.0.0', hasData: true }
51 silly addNameRange versions [ 'sleep',
51 silly addNameRange   [ '1.0.0',
51 silly addNameRange     '1.0.1',
51 silly addNameRange     '1.0.2',
51 silly addNameRange     '1.1.0',
51 silly addNameRange     '1.1.1',
51 silly addNameRange     '1.1.2',
51 silly addNameRange     '1.1.3',
51 silly addNameRange     '1.1.4',
51 silly addNameRange     '1.1.5',
51 silly addNameRange     '1.1.6',
51 silly addNameRange     '1.1.7',
51 silly addNameRange     '1.1.8',
51 silly addNameRange     '1.2.0',
51 silly addNameRange     '2.0.0',
51 silly addNameRange     '3.0.0',
51 silly addNameRange     '3.0.1',
51 silly addNameRange     '4.0.0',
51 silly addNameRange     '5.0.0',
51 silly addNameRange     '5.1.0' ] ]
52 silly addNamed sleep@3.0.1
53 verbose addNamed "3.0.1" is a plain semver version for sleep
54 silly cache afterAdd sleep@3.0.1
55 verbose afterAdd /home/ruby/.npm/sleep/3.0.1/package/package.json not in flight; writing
56 verbose afterAdd /home/ruby/.npm/sleep/3.0.1/package/package.json written
57 silly fetchNamedPackageData nan
58 silly mapToRegistry name nan
59 silly mapToRegistry using default registry
60 silly mapToRegistry registry https://registry.npmjs.org/
61 silly mapToRegistry uri https://registry.npmjs.org/nan
62 verbose request uri https://registry.npmjs.org/nan
63 verbose request no auth needed
64 info attempt registry request try #1 at 8:46:26 PM
65 verbose lastModified Thu, 06 Apr 2017 05:50:18 GMT
66 http request GET https://registry.npmjs.org/nan
67 http 200 https://registry.npmjs.org/nan
68 verbose headers { server: 'nginx/1.4.6 (Ubuntu)',
68 verbose headers   'content-type': 'application/json',
68 verbose headers   'last-modified': 'Thu, 06 Apr 2017 05:50:18 GMT',
68 verbose headers   'content-encoding': 'gzip',
68 verbose headers   'cache-control': 'max-age=300',
68 verbose headers   'content-length': '14916',
68 verbose headers   'accept-ranges': 'bytes',
68 verbose headers   date: 'Fri, 07 Apr 2017 12:46:36 GMT',
68 verbose headers   via: '1.1 varnish',
68 verbose headers   age: '141',
68 verbose headers   connection: 'keep-alive',
68 verbose headers   'x-served-by': 'cache-sin18031-SIN',
68 verbose headers   'x-cache': 'HIT',
68 verbose headers   'x-cache-hits': '3',
68 verbose headers   'x-timer': 'S1491569196.463514,VS0,VE0',
68 verbose headers   vary: 'Accept-Encoding' }
69 silly get cb [ 200,
69 silly get   { server: 'nginx/1.4.6 (Ubuntu)',
69 silly get     'content-type': 'application/json',
69 silly get     'last-modified': 'Thu, 06 Apr 2017 05:50:18 GMT',
69 silly get     'content-encoding': 'gzip',
69 silly get     'cache-control': 'max-age=300',
69 silly get     'content-length': '14916',
69 silly get     'accept-ranges': 'bytes',
69 silly get     date: 'Fri, 07 Apr 2017 12:46:36 GMT',
69 silly get     via: '1.1 varnish',
69 silly get     age: '141',
69 silly get     connection: 'keep-alive',
69 silly get     'x-served-by': 'cache-sin18031-SIN',
69 silly get     'x-cache': 'HIT',
69 silly get     'x-cache-hits': '3',
69 silly get     'x-timer': 'S1491569196.463514,VS0,VE0',
69 silly get     vary: 'Accept-Encoding' } ]
70 verbose get saving nan to /home/ruby/.npm/registry.npmjs.org/nan/.cache.json
71 silly resolveWithNewModule nan@2.6.1 checking installable status
72 silly cache add args [ 'nan@>=2.0.0', null ]
73 verbose cache add spec nan@>=2.0.0
74 silly cache add parsed spec Result {
74 silly cache add   raw: 'nan@>=2.0.0',
74 silly cache add   scope: null,
74 silly cache add   name: 'nan',
74 silly cache add   rawSpec: '>=2.0.0',
74 silly cache add   spec: '>=2.0.0',
74 silly cache add   type: 'range' }
75 silly addNamed nan@>=2.0.0
76 verbose addNamed ">=2.0.0" is a valid semver range for nan
77 silly addNameRange { name: 'nan', range: '>=2.0.0', hasData: false }
78 silly mapToRegistry name nan
79 silly mapToRegistry using default registry
80 silly mapToRegistry registry https://registry.npmjs.org/
81 silly mapToRegistry uri https://registry.npmjs.org/nan
82 verbose addNameRange registry:https://registry.npmjs.org/nan not in flight; fetching
83 verbose get https://registry.npmjs.org/nan not expired, no request
84 silly addNameRange number 2 { name: 'nan', range: '>=2.0.0', hasData: true }
85 silly addNameRange versions [ 'nan',
85 silly addNameRange   [ '0.3.0-wip',
85 silly addNameRange     '0.3.0-wip2',
85 silly addNameRange     '0.3.0',
85 silly addNameRange     '0.3.1',
85 silly addNameRange     '0.3.2',
85 silly addNameRange     '0.4.0',
85 silly addNameRange     '0.4.1',
85 silly addNameRange     '0.4.2',
85 silly addNameRange     '0.4.3',
85 silly addNameRange     '0.4.4',
85 silly addNameRange     '0.5.0',
85 silly addNameRange     '0.5.1',
85 silly addNameRange     '0.5.2',
85 silly addNameRange     '0.6.0',
85 silly addNameRange     '0.7.0',
85 silly addNameRange     '0.7.1',
85 silly addNameRange     '0.8.0',
85 silly addNameRange     '1.0.0',
85 silly addNameRange     '1.1.0',
85 silly addNameRange     '1.1.1',
85 silly addNameRange     '1.1.2',
85 silly addNameRange     '1.2.0',
85 silly addNameRange     '1.3.0',
85 silly addNameRange     '1.4.0',
85 silly addNameRange     '1.4.1',
85 silly addNameRange     '1.5.0',
85 silly addNameRange     '1.4.2',
85 silly addNameRange     '1.4.3',
85 silly addNameRange     '1.5.1',
85 silly addNameRange     '1.5.2',
85 silly addNameRange     '1.6.0',
85 silly addNameRange     '1.5.3',
85 silly addNameRange     '1.6.1',
85 silly addNameRange     '1.6.2',
85 silly addNameRange     '1.7.0',
85 silly addNameRange     '1.8.0',
85 silly addNameRange     '1.8.1',
85 silly addNameRange     '1.8.2',
85 silly addNameRange     '1.8.3',
85 silly addNameRange     '1.8.4',
85 silly addNameRange     '1.9.0',
85 silly addNameRange     '2.0.0',
85 silly addNameRange     '2.0.1',
85 silly addNameRange     '2.0.2',
85 silly addNameRange     '2.0.3',
85 silly addNameRange     '2.0.4',
85 silly addNameRange     '2.0.5',
85 silly addNameRange     '2.0.6',
85 silly addNameRange     '2.0.7',
85 silly addNameRange     '2.0.8',
85 silly addNameRange     '2.0.9',
85 silly addNameRange     '2.1.0',
85 silly addNameRange     '2.2.0',
85 silly addNameRange     '2.2.1',
85 silly addNameRange     '2.3.0',
85 silly addNameRange     '2.3.1',
85 silly addNameRange     '2.3.2',
85 silly addNameRange     '2.3.3',
85 silly addNameRange     '2.3.4',
85 silly addNameRange     '2.3.5',
85 silly addNameRange     '2.4.0',
85 silly addNameRange     '2.5.0',
85 silly addNameRange     '2.5.1',
85 silly addNameRange     '2.6.0',
85 silly addNameRange     '2.6.1' ] ]
86 silly addNamed nan@2.6.1
87 verbose addNamed "2.6.1" is a plain semver version for nan
88 silly cache afterAdd nan@2.6.1
89 verbose afterAdd /home/ruby/.npm/nan/2.6.1/package/package.json not in flight; writing
90 verbose afterAdd /home/ruby/.npm/nan/2.6.1/package/package.json written
91 silly loadAllDepsIntoIdealTree Finishing
92 silly idealTree:prePrune cinepass-crawler@1.0.0
92 silly idealTree:prePrune ├── abab@1.0.3
92 silly idealTree:prePrune ├── acorn-globals@1.0.9
92 silly idealTree:prePrune ├── acorn@2.7.0
92 silly idealTree:prePrune ├─┬ agent-base@2.0.1
92 silly idealTree:prePrune │ └── semver@5.0.3
92 silly idealTree:prePrune ├── ajv@4.11.5
92 silly idealTree:prePrune ├── align-text@0.1.4
92 silly idealTree:prePrune ├── alter@0.2.0
92 silly idealTree:prePrune ├── amdefine@1.0.1
92 silly idealTree:prePrune ├── ansi-regex@2.1.1
92 silly idealTree:prePrune ├── ansi-styles@2.2.1
92 silly idealTree:prePrune ├── array-find-index@1.0.2
92 silly idealTree:prePrune ├── asn1@0.2.3
92 silly idealTree:prePrune ├── assert-plus@0.2.0
92 silly idealTree:prePrune ├── assertion-error@1.0.2
92 silly idealTree:prePrune ├── ast-traverse@0.1.1
92 silly idealTree:prePrune ├── ast-types@0.9.11
92 silly idealTree:prePrune ├── async@1.5.2
92 silly idealTree:prePrune ├── asynckit@0.4.0
92 silly idealTree:prePrune ├── aws-sign2@0.6.0
92 silly idealTree:prePrune ├── aws4@1.6.0
92 silly idealTree:prePrune ├── balanced-match@0.4.2
92 silly idealTree:prePrune ├── bcrypt-pbkdf@1.0.1
92 silly idealTree:prePrune ├── boolbase@1.0.0
92 silly idealTree:prePrune ├── boom@2.10.1
92 silly idealTree:prePrune ├── brace-expansion@1.1.6
92 silly idealTree:prePrune ├── breakable@1.0.0
92 silly idealTree:prePrune ├── browser-stdout@1.3.0
92 silly idealTree:prePrune ├── buffer-shims@1.0.0
92 silly idealTree:prePrune ├── builtin-modules@1.1.1
92 silly idealTree:prePrune ├── camelcase-keys@2.1.0
92 silly idealTree:prePrune ├── camelcase@2.1.1
92 silly idealTree:prePrune ├── caseless@0.12.0
92 silly idealTree:prePrune ├── center-align@0.1.3
92 silly idealTree:prePrune ├── chai@3.5.0
92 silly idealTree:prePrune ├── chalk@1.1.3
92 silly idealTree:prePrune ├── charenc@0.0.2
92 silly idealTree:prePrune ├─┬ cheerio@0.20.0
92 silly idealTree:prePrune │ └─┬ htmlparser2@3.8.3
92 silly idealTree:prePrune │   └── entities@1.0.0
92 silly idealTree:prePrune ├── cjson@0.2.1
92 silly idealTree:prePrune ├── cli-cursor@1.0.2
92 silly idealTree:prePrune ├── cli-spinner@0.2.6
92 silly idealTree:prePrune ├── cli-spinners@0.2.0
92 silly idealTree:prePrune ├─┬ cli@0.11.3
92 silly idealTree:prePrune │ └── glob@7.1.1
92 silly idealTree:prePrune ├─┬ cliui@2.1.0
92 silly idealTree:prePrune │ └── wordwrap@0.0.2
92 silly idealTree:prePrune ├── co@4.6.0
92 silly idealTree:prePrune ├── colors@0.5.1
92 silly idealTree:prePrune ├── combined-stream@1.0.5
92 silly idealTree:prePrune ├── commander@2.9.0
92 silly idealTree:prePrune ├─┬ commoner@0.10.8
92 silly idealTree:prePrune │ ├── ast-types@0.9.6
92 silly idealTree:prePrune │ ├── esprima@3.1.3
92 silly idealTree:prePrune │ ├── recast@0.11.23
92 silly idealTree:prePrune │ └── source-map@0.5.6
92 silly idealTree:prePrune ├── component-emitter@1.2.1
92 silly idealTree:prePrune ├── concat-map@0.0.1
92 silly idealTree:prePrune ├── console-stamp@0.2.5
92 silly idealTree:prePrune ├── cookiejar@2.0.6
92 silly idealTree:prePrune ├── core-util-is@1.0.2
92 silly idealTree:prePrune ├── crypt@0.0.2
92 silly idealTree:prePrune ├── cryptiles@2.0.5
92 silly idealTree:prePrune ├── css-select@1.2.0
92 silly idealTree:prePrune ├── css-what@2.1.0
92 silly idealTree:prePrune ├── cssom@0.3.2
92 silly idealTree:prePrune ├── cssstyle@0.2.37
92 silly idealTree:prePrune ├── currently-unhandled@0.4.1
92 silly idealTree:prePrune ├─┬ dashdash@1.14.1
92 silly idealTree:prePrune │ └── assert-plus@1.0.0
92 silly idealTree:prePrune ├── data-uri-to-buffer@0.0.4
92 silly idealTree:prePrune ├── dateformat@1.0.12
92 silly idealTree:prePrune ├── debug@2.6.3
92 silly idealTree:prePrune ├── decache@3.1.0
92 silly idealTree:prePrune ├── decamelize@1.2.0
92 silly idealTree:prePrune ├─┬ deep-eql@0.1.3
92 silly idealTree:prePrune │ └── type-detect@0.1.1
92 silly idealTree:prePrune ├── deep-equal@1.0.1
92 silly idealTree:prePrune ├── deep-is@0.1.3
92 silly idealTree:prePrune ├── define-properties@1.1.2
92 silly idealTree:prePrune ├── defined@1.0.0
92 silly idealTree:prePrune ├─┬ defs@1.1.1
92 silly idealTree:prePrune │ └── esprima-fb@15001.1001.0-dev-harmony-fb
92 silly idealTree:prePrune ├─┬ degenerator@1.0.4
92 silly idealTree:prePrune │ └── esprima@3.1.3
92 silly idealTree:prePrune ├── delayed-stream@1.0.0
92 silly idealTree:prePrune ├─┬ detective@4.5.0
92 silly idealTree:prePrune │ └── acorn@4.0.11
92 silly idealTree:prePrune ├── diff@1.4.0
92 silly idealTree:prePrune ├─┬ dom-serializer@0.1.0
92 silly idealTree:prePrune │ └── domelementtype@1.1.3
92 silly idealTree:prePrune ├── domelementtype@1.3.0
92 silly idealTree:prePrune ├── domhandler@2.3.0
92 silly idealTree:prePrune ├── domutils@1.5.1
92 silly idealTree:prePrune ├── ebnf-parser@0.1.10
92 silly idealTree:prePrune ├── ecc-jsbn@0.1.1
92 silly idealTree:prePrune ├── encoding@0.1.12
92 silly idealTree:prePrune ├── entities@1.1.1
92 silly idealTree:prePrune ├── error-ex@1.3.1
92 silly idealTree:prePrune ├── es-abstract@1.7.0
92 silly idealTree:prePrune ├── es-to-primitive@1.1.1
92 silly idealTree:prePrune ├── es6-promise@3.3.1
92 silly idealTree:prePrune ├── es6-shim@0.33.13
92 silly idealTree:prePrune ├── escape-string-regexp@1.0.5
92 silly idealTree:prePrune ├── escodegen@1.8.1
92 silly idealTree:prePrune ├── esprima@2.7.3
92 silly idealTree:prePrune ├── estraverse@1.9.3
92 silly idealTree:prePrune ├── esutils@2.0.2
92 silly idealTree:prePrune ├── exit-hook@1.1.1
92 silly idealTree:prePrune ├── exit@0.1.2
92 silly idealTree:prePrune ├── expect.js@0.3.1
92 silly idealTree:prePrune ├── expect@1.20.2
92 silly idealTree:prePrune ├── extend@3.0.0
92 silly idealTree:prePrune ├── extsprintf@1.0.2
92 silly idealTree:prePrune ├── fast-levenshtein@2.0.6
92 silly idealTree:prePrune ├── file-uri-to-path@0.0.2
92 silly idealTree:prePrune ├── find-up@1.1.2
92 silly idealTree:prePrune ├── find@0.2.7
92 silly idealTree:prePrune ├── foreach@2.0.5
92 silly idealTree:prePrune ├── forever-agent@0.6.1
92 silly idealTree:prePrune ├── form-data@2.1.2
92 silly idealTree:prePrune ├── formidable@1.0.17
92 silly idealTree:prePrune ├── fs.realpath@1.0.0
92 silly idealTree:prePrune ├─┬ ftp@0.3.10
92 silly idealTree:prePrune │ └── xregexp@2.0.0
92 silly idealTree:prePrune ├── function-bind@1.1.0
92 silly idealTree:prePrune ├── get-stdin@4.0.1
92 silly idealTree:prePrune ├─┬ get-uri@1.1.0
92 silly idealTree:prePrune │ ├── isarray@1.0.0
92 silly idealTree:prePrune │ └── readable-stream@2.2.6
92 silly idealTree:prePrune ├─┬ getpass@0.1.6
92 silly idealTree:prePrune │ └── assert-plus@1.0.0
92 silly idealTree:prePrune ├── glob@5.0.15
92 silly idealTree:prePrune ├── graceful-fs@4.1.11
92 silly idealTree:prePrune ├── graceful-readlink@1.0.1
92 silly idealTree:prePrune ├── growl@1.9.2
92 silly idealTree:prePrune ├── har-schema@1.0.5
92 silly idealTree:prePrune ├── har-validator@4.2.1
92 silly idealTree:prePrune ├── has-ansi@2.0.0
92 silly idealTree:prePrune ├── has-flag@1.0.0
92 silly idealTree:prePrune ├── has@1.0.1
92 silly idealTree:prePrune ├── hawk@3.1.3
92 silly idealTree:prePrune ├─┬ hipchatter@0.2.0
92 silly idealTree:prePrune │ └── async@0.2.10
92 silly idealTree:prePrune ├── hoek@2.16.3
92 silly idealTree:prePrune ├── hosted-git-info@2.4.1
92 silly idealTree:prePrune ├── html-to-text@1.6.2
92 silly idealTree:prePrune ├── htmlparser@1.7.7
92 silly idealTree:prePrune ├─┬ htmlparser2@3.9.2
92 silly idealTree:prePrune │ ├── isarray@1.0.0
92 silly idealTree:prePrune │ └── readable-stream@2.2.6
92 silly idealTree:prePrune ├── http-proxy-agent@1.0.0
92 silly idealTree:prePrune ├── http-signature@1.1.1
92 silly idealTree:prePrune ├── https-proxy-agent@1.0.0
92 silly idealTree:prePrune ├── iconv-lite@0.4.15
92 silly idealTree:prePrune ├── indent-string@2.1.0
92 silly idealTree:prePrune ├── inflight@1.0.6
92 silly idealTree:prePrune ├── inherits@2.0.3
92 silly idealTree:prePrune ├── invert-kv@1.0.0
92 silly idealTree:prePrune ├── ip@1.1.5
92 silly idealTree:prePrune ├── is-arrayish@0.2.1
92 silly idealTree:prePrune ├── is-arrow-function@2.0.3
92 silly idealTree:prePrune ├── is-boolean-object@1.0.0
92 silly idealTree:prePrune ├── is-buffer@1.1.5
92 silly idealTree:prePrune ├── is-builtin-module@1.0.0
92 silly idealTree:prePrune ├── is-callable@1.1.3
92 silly idealTree:prePrune ├── is-date-object@1.0.1
92 silly idealTree:prePrune ├── is-equal@1.5.5
92 silly idealTree:prePrune ├── is-finite@1.0.2
92 silly idealTree:prePrune ├── is-generator-function@1.0.6
92 silly idealTree:prePrune ├── is-number-object@1.0.3
92 silly idealTree:prePrune ├── is-regex@1.0.4
92 silly idealTree:prePrune ├── is-stream@1.1.0
92 silly idealTree:prePrune ├── is-string@1.0.4
92 silly idealTree:prePrune ├── is-symbol@1.0.1
92 silly idealTree:prePrune ├── is-typedarray@1.0.0
92 silly idealTree:prePrune ├── is-utf8@0.2.1
92 silly idealTree:prePrune ├── isarray@0.0.1
92 silly idealTree:prePrune ├── isomorphic-fetch@2.2.1
92 silly idealTree:prePrune ├── isstream@0.1.2
92 silly idealTree:prePrune ├── jison-lex@0.2.1
92 silly idealTree:prePrune ├─┬ jison@0.4.13
92 silly idealTree:prePrune │ ├── escodegen@0.0.21
92 silly idealTree:prePrune │ ├── esprima@1.0.4
92 silly idealTree:prePrune │ └── estraverse@0.0.4
92 silly idealTree:prePrune ├── jodid25519@1.0.2
92 silly idealTree:prePrune ├── jsbn@0.1.1
92 silly idealTree:prePrune ├── jsdom@7.2.2
92 silly idealTree:prePrune ├── json-schema-to-markdown-table@1.0.0
92 silly idealTree:prePrune ├── json-schema@0.2.3
92 silly idealTree:prePrune ├── json-stable-stringify@1.0.1
92 silly idealTree:prePrune ├── json-stringify-safe@5.0.1
92 silly idealTree:prePrune ├── json3@3.3.2
92 silly idealTree:prePrune ├─┬ jsondiffpatch@0.2.4
92 silly idealTree:prePrune │ ├── ansi-regex@0.2.1
92 silly idealTree:prePrune │ ├── ansi-styles@1.1.0
92 silly idealTree:prePrune │ ├── chalk@0.5.1
92 silly idealTree:prePrune │ ├── has-ansi@0.1.0
92 silly idealTree:prePrune │ ├── strip-ansi@0.3.0
92 silly idealTree:prePrune │ └── supports-color@0.2.0
92 silly idealTree:prePrune ├── jsonify@0.0.0
92 silly idealTree:prePrune ├─┬ jsonpath@0.2.11
92 silly idealTree:prePrune │ ├── esprima@1.2.2
92 silly idealTree:prePrune │ └── underscore@1.7.0
92 silly idealTree:prePrune ├── JSONSelect@0.4.0
92 silly idealTree:prePrune ├─┬ jsprim@1.4.0
92 silly idealTree:prePrune │ └── assert-plus@1.0.0
92 silly idealTree:prePrune ├── kind-of@3.1.0
92 silly idealTree:prePrune ├── lazy-cache@1.0.4
92 silly idealTree:prePrune ├── lcid@1.0.0
92 silly idealTree:prePrune ├── levn@0.3.0
92 silly idealTree:prePrune ├── lex-parser@0.1.4
92 silly idealTree:prePrune ├── load-json-file@1.1.0
92 silly idealTree:prePrune ├── lodash._baseassign@3.2.0
92 silly idealTree:prePrune ├── lodash._basecopy@3.0.1
92 silly idealTree:prePrune ├── lodash._basecreate@3.0.3
92 silly idealTree:prePrune ├── lodash._getnative@3.9.1
92 silly idealTree:prePrune ├── lodash._isiterateecall@3.0.9
92 silly idealTree:prePrune ├── lodash.create@3.1.1
92 silly idealTree:prePrune ├── lodash.isarguments@3.1.0
92 silly idealTree:prePrune ├── lodash.isarray@3.0.4
92 silly idealTree:prePrune ├── lodash.keys@3.1.2
92 silly idealTree:prePrune ├── lodash@4.17.4
92 silly idealTree:prePrune ├── log-symbols@1.0.2
92 silly idealTree:prePrune ├── longest@1.0.1
92 silly idealTree:prePrune ├── loud-rejection@1.6.0
92 silly idealTree:prePrune ├── lru-cache@2.2.4
92 silly idealTree:prePrune ├── map-obj@1.0.1
92 silly idealTree:prePrune ├── MD5@1.3.0
92 silly idealTree:prePrune ├── meow@3.7.0
92 silly idealTree:prePrune ├── merge@1.2.0
92 silly idealTree:prePrune ├── methods@1.1.2
92 silly idealTree:prePrune ├── mime-db@1.27.0
92 silly idealTree:prePrune ├── mime-types@2.1.15
92 silly idealTree:prePrune ├── mime@1.3.4
92 silly idealTree:prePrune ├── minimatch@3.0.3
92 silly idealTree:prePrune ├── minimist@1.2.0
92 silly idealTree:prePrune ├─┬ mkdirp@0.5.1
92 silly idealTree:prePrune │ └── minimist@0.0.8
92 silly idealTree:prePrune ├─┬ mocha@3.2.0
92 silly idealTree:prePrune │ ├── debug@2.2.0
92 silly idealTree:prePrune │ ├── glob@7.0.5
92 silly idealTree:prePrune │ ├── ms@0.7.1
92 silly idealTree:prePrune │ └── supports-color@3.1.2
92 silly idealTree:prePrune ├── moment-range@2.2.0
92 silly idealTree:prePrune ├── moment-timezone@0.4.1
92 silly idealTree:prePrune ├── moment@2.18.1
92 silly idealTree:prePrune ├── ms@0.7.2
92 silly idealTree:prePrune ├── nan@2.6.1
92 silly idealTree:prePrune ├─┬ needle@0.6.6
92 silly idealTree:prePrune │ ├── iconv-lite@0.4.15
92 silly idealTree:prePrune │ └── qs@6.4.0
92 silly idealTree:prePrune ├── netmask@1.0.6
92 silly idealTree:prePrune ├─┬ nock@7.7.3
92 silly idealTree:prePrune │ └── lodash@3.10.1
92 silly idealTree:prePrune ├── node-fetch@1.6.3
92 silly idealTree:prePrune ├── node-html-encoder@0.0.2
92 silly idealTree:prePrune ├─┬ nomnom@1.5.2
92 silly idealTree:prePrune │ └── underscore@1.1.7
92 silly idealTree:prePrune ├── normalize-package-data@2.3.6
92 silly idealTree:prePrune ├── nth-check@1.0.1
92 silly idealTree:prePrune ├── number-is-nan@1.0.1
92 silly idealTree:prePrune ├── nwmatcher@1.3.9
92 silly idealTree:prePrune ├── oauth-sign@0.8.2
92 silly idealTree:prePrune ├── object-assign@4.1.1
92 silly idealTree:prePrune ├── object-inspect@1.2.2
92 silly idealTree:prePrune ├── object-keys@1.0.11
92 silly idealTree:prePrune ├── object.entries@1.0.4
92 silly idealTree:prePrune ├── once@1.4.0
92 silly idealTree:prePrune ├── onetime@1.1.0
92 silly idealTree:prePrune ├─┬ optimist@0.6.1
92 silly idealTree:prePrune │ ├── minimist@0.0.10
92 silly idealTree:prePrune │ └── wordwrap@0.0.3
92 silly idealTree:prePrune ├── optionator@0.8.2
92 silly idealTree:prePrune ├── ora@0.3.0
92 silly idealTree:prePrune ├── os-locale@1.4.0
92 silly idealTree:prePrune ├── pac-proxy-agent@1.0.0
92 silly idealTree:prePrune ├─┬ pac-resolver@1.2.6
92 silly idealTree:prePrune │ └── co@3.0.6
92 silly idealTree:prePrune ├── parameterize@0.0.7
92 silly idealTree:prePrune ├── parse-json@2.2.0
92 silly idealTree:prePrune ├── parse5@1.5.1
92 silly idealTree:prePrune ├── path-exists@2.1.0
92 silly idealTree:prePrune ├── path-is-absolute@1.0.1
92 silly idealTree:prePrune ├── path-type@1.1.0
92 silly idealTree:prePrune ├── performance-now@0.2.0
92 silly idealTree:prePrune ├── pify@2.3.0
92 silly idealTree:prePrune ├── pinkie-promise@2.0.1
92 silly idealTree:prePrune ├── pinkie@2.0.4
92 silly idealTree:prePrune ├── prelude-ls@1.1.2
92 silly idealTree:prePrune ├── private@0.1.7
92 silly idealTree:prePrune ├── process-nextick-args@1.0.7
92 silly idealTree:prePrune ├── propagate@0.3.1
92 silly idealTree:prePrune ├─┬ proxy-agent@2.0.0
92 silly idealTree:prePrune │ └── lru-cache@2.6.5
92 silly idealTree:prePrune ├── punycode@1.4.1
92 silly idealTree:prePrune ├── q@1.5.0
92 silly idealTree:prePrune ├── qs@6.4.0
92 silly idealTree:prePrune ├── querystring@0.2.0
92 silly idealTree:prePrune ├── random-seed@0.2.0
92 silly idealTree:prePrune ├── random-useragent@0.1.1
92 silly idealTree:prePrune ├── read-pkg-up@1.0.1
92 silly idealTree:prePrune ├── read-pkg@1.1.0
92 silly idealTree:prePrune ├── readable-stream@1.1.14
92 silly idealTree:prePrune ├─┬ recast@0.10.33
92 silly idealTree:prePrune │ ├── ast-types@0.8.12
92 silly idealTree:prePrune │ ├── esprima-fb@15001.1001.0-dev-harmony-fb
92 silly idealTree:prePrune │ └── source-map@0.5.6
92 silly idealTree:prePrune ├── redent@1.0.0
92 silly idealTree:prePrune ├── reduce-component@1.0.1
92 silly idealTree:prePrune ├── regenerator-runtime@0.9.6
92 silly idealTree:prePrune ├─┬ regenerator@0.8.46
92 silly idealTree:prePrune │ └── esprima-fb@15001.1001.0-dev-harmony-fb
92 silly idealTree:prePrune ├── repeat-string@1.6.1
92 silly idealTree:prePrune ├── repeating@2.0.1
92 silly idealTree:prePrune ├── request-ip@1.2.3
92 silly idealTree:prePrune ├── request@2.81.0
92 silly idealTree:prePrune ├── restore-cursor@1.0.1
92 silly idealTree:prePrune ├── right-align@0.1.3
92 silly idealTree:prePrune ├─┬ rollbar@0.6.5
92 silly idealTree:prePrune │ ├── async@1.2.1
92 silly idealTree:prePrune │ ├── debug@2.2.0
92 silly idealTree:prePrune │ └── ms@0.7.1
92 silly idealTree:prePrune ├── safe-buffer@5.0.1
92 silly idealTree:prePrune ├── sax@1.2.2
92 silly idealTree:prePrune ├── semver@5.3.0
92 silly idealTree:prePrune ├── signal-exit@3.0.2
92 silly idealTree:prePrune ├── simple-fmt@0.1.0
92 silly idealTree:prePrune ├── simple-is@0.2.0
92 silly idealTree:prePrune ├── sleep@3.0.1
92 silly idealTree:prePrune ├── smart-buffer@1.1.15
92 silly idealTree:prePrune ├── sntp@1.0.9
92 silly idealTree:prePrune ├── socks-proxy-agent@2.0.0
92 silly idealTree:prePrune ├── socks@1.1.10
92 silly idealTree:prePrune ├── source-map@0.2.0
92 silly idealTree:prePrune ├── spdx-correct@1.0.2
92 silly idealTree:prePrune ├── spdx-expression-parse@1.0.4
92 silly idealTree:prePrune ├── spdx-license-ids@1.2.2
92 silly idealTree:prePrune ├─┬ sshpk@1.11.0
92 silly idealTree:prePrune │ └── assert-plus@1.0.0
92 silly idealTree:prePrune ├── stable@0.1.6
92 silly idealTree:prePrune ├─┬ static-eval@0.2.3
92 silly idealTree:prePrune │ ├── escodegen@0.0.28
92 silly idealTree:prePrune │ ├── esprima@1.0.4
92 silly idealTree:prePrune │ └── estraverse@1.3.2
92 silly idealTree:prePrune ├── stream-to-buffer@0.1.0
92 silly idealTree:prePrune ├── stream-to@0.2.2
92 silly idealTree:prePrune ├── string_decoder@0.10.31
92 silly idealTree:prePrune ├── stringmap@0.2.2
92 silly idealTree:prePrune ├── stringset@0.2.1
92 silly idealTree:prePrune ├── stringstream@0.0.5
92 silly idealTree:prePrune ├── strip-ansi@3.0.1
92 silly idealTree:prePrune ├── strip-bom@2.0.0
92 silly idealTree:prePrune ├── strip-indent@1.0.1
92 silly idealTree:prePrune ├── superagent-charset@0.0.1
92 silly idealTree:prePrune ├── superagent-proxy@1.0.2
92 silly idealTree:prePrune ├── superagent-retry@0.5.1
92 silly idealTree:prePrune ├─┬ superagent@1.8.5
92 silly idealTree:prePrune │ ├── form-data@1.0.0-rc3
92 silly idealTree:prePrune │ ├── qs@2.3.3
92 silly idealTree:prePrune │ └── readable-stream@1.0.27-1
92 silly idealTree:prePrune ├── supports-color@2.0.0
92 silly idealTree:prePrune ├── symbol-tree@3.2.2
92 silly idealTree:prePrune ├── through@2.3.8
92 silly idealTree:prePrune ├── thunkify@2.1.2
92 silly idealTree:prePrune ├── tmatch@2.0.1
92 silly idealTree:prePrune ├── tough-cookie@2.3.2
92 silly idealTree:prePrune ├── tr46@0.0.3
92 silly idealTree:prePrune ├── traverse-chain@0.1.0
92 silly idealTree:prePrune ├── trim-newlines@1.0.0
92 silly idealTree:prePrune ├── tryor@0.1.2
92 silly idealTree:prePrune ├── tunnel-agent@0.6.0
92 silly idealTree:prePrune ├── tv4@1.3.0
92 silly idealTree:prePrune ├── tweetnacl@0.14.5
92 silly idealTree:prePrune ├── type-check@0.3.2
92 silly idealTree:prePrune ├── type-detect@1.0.0
92 silly idealTree:prePrune ├── tz-lookup@6.0.7
92 silly idealTree:prePrune ├── underscore.string@2.4.0
92 silly idealTree:prePrune ├── underscore@1.8.3
92 silly idealTree:prePrune ├─┬ url@0.11.0
92 silly idealTree:prePrune │ └── punycode@1.3.2
92 silly idealTree:prePrune ├── util-deprecate@1.0.2
92 silly idealTree:prePrune ├── uuid@3.0.1
92 silly idealTree:prePrune ├── validate-npm-package-license@3.0.1
92 silly idealTree:prePrune ├── verbal-expressions@0.2.1
92 silly idealTree:prePrune ├── verror@1.3.6
92 silly idealTree:prePrune ├── webidl-conversions@2.0.1
92 silly idealTree:prePrune ├── whatwg-fetch@2.0.3
92 silly idealTree:prePrune ├── whatwg-url-compat@0.6.5
92 silly idealTree:prePrune ├── window-size@0.1.4
92 silly idealTree:prePrune ├── wordwrap@1.0.0
92 silly idealTree:prePrune ├── wrappy@1.0.2
92 silly idealTree:prePrune ├── xml-name-validator@2.0.1
92 silly idealTree:prePrune ├── xregexp@3.1.1
92 silly idealTree:prePrune ├── y18n@3.2.1
92 silly idealTree:prePrune └─┬ yargs@3.27.0
92 silly idealTree:prePrune   └── camelcase@1.2.1
93 silly loadIdealTree Finishing
94 silly currentTree cinepass-crawler@1.0.0
94 silly currentTree ├── abab@1.0.3
94 silly currentTree ├── acorn-globals@1.0.9
94 silly currentTree ├── acorn@2.7.0
94 silly currentTree ├─┬ agent-base@2.0.1
94 silly currentTree │ └── semver@5.0.3
94 silly currentTree ├── ajv@4.11.5
94 silly currentTree ├── align-text@0.1.4
94 silly currentTree ├── alter@0.2.0
94 silly currentTree ├── amdefine@1.0.1
94 silly currentTree ├── ansi-regex@2.1.1
94 silly currentTree ├── ansi-styles@2.2.1
94 silly currentTree ├── array-find-index@1.0.2
94 silly currentTree ├── asn1@0.2.3
94 silly currentTree ├── assert-plus@0.2.0
94 silly currentTree ├── assertion-error@1.0.2
94 silly currentTree ├── ast-traverse@0.1.1
94 silly currentTree ├── ast-types@0.9.11
94 silly currentTree ├── async@1.5.2
94 silly currentTree ├── asynckit@0.4.0
94 silly currentTree ├── aws-sign2@0.6.0
94 silly currentTree ├── aws4@1.6.0
94 silly currentTree ├── balanced-match@0.4.2
94 silly currentTree ├── bcrypt-pbkdf@1.0.1
94 silly currentTree ├── boolbase@1.0.0
94 silly currentTree ├── boom@2.10.1
94 silly currentTree ├── brace-expansion@1.1.6
94 silly currentTree ├── breakable@1.0.0
94 silly currentTree ├── browser-stdout@1.3.0
94 silly currentTree ├── buffer-shims@1.0.0
94 silly currentTree ├── builtin-modules@1.1.1
94 silly currentTree ├── camelcase-keys@2.1.0
94 silly currentTree ├── camelcase@2.1.1
94 silly currentTree ├── caseless@0.12.0
94 silly currentTree ├── center-align@0.1.3
94 silly currentTree ├── chai@3.5.0
94 silly currentTree ├── chalk@1.1.3
94 silly currentTree ├── charenc@0.0.2
94 silly currentTree ├─┬ cheerio@0.20.0
94 silly currentTree │ └─┬ htmlparser2@3.8.3
94 silly currentTree │   └── entities@1.0.0
94 silly currentTree ├── cjson@0.2.1
94 silly currentTree ├── cli-cursor@1.0.2
94 silly currentTree ├── cli-spinner@0.2.6
94 silly currentTree ├── cli-spinners@0.2.0
94 silly currentTree ├─┬ cli@0.11.3
94 silly currentTree │ └── glob@7.1.1
94 silly currentTree ├─┬ cliui@2.1.0
94 silly currentTree │ └── wordwrap@0.0.2
94 silly currentTree ├── co@4.6.0
94 silly currentTree ├── colors@0.5.1
94 silly currentTree ├── combined-stream@1.0.5
94 silly currentTree ├── commander@2.9.0
94 silly currentTree ├─┬ commoner@0.10.8
94 silly currentTree │ ├── ast-types@0.9.6
94 silly currentTree │ ├── esprima@3.1.3
94 silly currentTree │ ├── recast@0.11.23
94 silly currentTree │ └── source-map@0.5.6
94 silly currentTree ├── component-emitter@1.2.1
94 silly currentTree ├── concat-map@0.0.1
94 silly currentTree ├── console-stamp@0.2.5
94 silly currentTree ├── cookiejar@2.0.6
94 silly currentTree ├── core-util-is@1.0.2
94 silly currentTree ├── crypt@0.0.2
94 silly currentTree ├── cryptiles@2.0.5
94 silly currentTree ├── css-select@1.2.0
94 silly currentTree ├── css-what@2.1.0
94 silly currentTree ├── cssom@0.3.2
94 silly currentTree ├── cssstyle@0.2.37
94 silly currentTree ├── currently-unhandled@0.4.1
94 silly currentTree ├─┬ dashdash@1.14.1
94 silly currentTree │ └── assert-plus@1.0.0
94 silly currentTree ├── data-uri-to-buffer@0.0.4
94 silly currentTree ├── dateformat@1.0.12
94 silly currentTree ├── debug@2.6.3
94 silly currentTree ├── decache@3.1.0
94 silly currentTree ├── decamelize@1.2.0
94 silly currentTree ├─┬ deep-eql@0.1.3
94 silly currentTree │ └── type-detect@0.1.1
94 silly currentTree ├── deep-equal@1.0.1
94 silly currentTree ├── deep-is@0.1.3
94 silly currentTree ├── define-properties@1.1.2
94 silly currentTree ├── defined@1.0.0
94 silly currentTree ├─┬ defs@1.1.1
94 silly currentTree │ └── esprima-fb@15001.1001.0-dev-harmony-fb
94 silly currentTree ├─┬ degenerator@1.0.4
94 silly currentTree │ └── esprima@3.1.3
94 silly currentTree ├── delayed-stream@1.0.0
94 silly currentTree ├─┬ detective@4.5.0
94 silly currentTree │ └── acorn@4.0.11
94 silly currentTree ├── diff@1.4.0
94 silly currentTree ├─┬ dom-serializer@0.1.0
94 silly currentTree │ └── domelementtype@1.1.3
94 silly currentTree ├── domelementtype@1.3.0
94 silly currentTree ├── domhandler@2.3.0
94 silly currentTree ├── domutils@1.5.1
94 silly currentTree ├── ebnf-parser@0.1.10
94 silly currentTree ├── ecc-jsbn@0.1.1
94 silly currentTree ├── encoding@0.1.12
94 silly currentTree ├── entities@1.1.1
94 silly currentTree ├── error-ex@1.3.1
94 silly currentTree ├── es-abstract@1.7.0
94 silly currentTree ├── es-to-primitive@1.1.1
94 silly currentTree ├── es6-promise@3.3.1
94 silly currentTree ├── es6-shim@0.33.13
94 silly currentTree ├── escape-string-regexp@1.0.5
94 silly currentTree ├── escodegen@1.8.1
94 silly currentTree ├── esprima@2.7.3
94 silly currentTree ├── estraverse@1.9.3
94 silly currentTree ├── esutils@2.0.2
94 silly currentTree ├── exit-hook@1.1.1
94 silly currentTree ├── exit@0.1.2
94 silly currentTree ├── expect.js@0.3.1
94 silly currentTree ├── expect@1.20.2
94 silly currentTree ├── extend@3.0.0
94 silly currentTree ├── extsprintf@1.0.2
94 silly currentTree ├── fast-levenshtein@2.0.6
94 silly currentTree ├── file-uri-to-path@0.0.2
94 silly currentTree ├── find-up@1.1.2
94 silly currentTree ├── find@0.2.7
94 silly currentTree ├── foreach@2.0.5
94 silly currentTree ├── forever-agent@0.6.1
94 silly currentTree ├── form-data@2.1.2
94 silly currentTree ├── formidable@1.0.17
94 silly currentTree ├── fs.realpath@1.0.0
94 silly currentTree ├─┬ ftp@0.3.10
94 silly currentTree │ └── xregexp@2.0.0
94 silly currentTree ├── function-bind@1.1.0
94 silly currentTree ├── get-stdin@4.0.1
94 silly currentTree ├─┬ get-uri@1.1.0
94 silly currentTree │ ├── isarray@1.0.0
94 silly currentTree │ └── readable-stream@2.2.6
94 silly currentTree ├─┬ getpass@0.1.6
94 silly currentTree │ └── assert-plus@1.0.0
94 silly currentTree ├── glob@5.0.15
94 silly currentTree ├── graceful-fs@4.1.11
94 silly currentTree ├── graceful-readlink@1.0.1
94 silly currentTree ├── growl@1.9.2
94 silly currentTree ├── har-schema@1.0.5
94 silly currentTree ├── har-validator@4.2.1
94 silly currentTree ├── has-ansi@2.0.0
94 silly currentTree ├── has-flag@1.0.0
94 silly currentTree ├── has@1.0.1
94 silly currentTree ├── hawk@3.1.3
94 silly currentTree ├─┬ hipchatter@0.2.0
94 silly currentTree │ └── async@0.2.10
94 silly currentTree ├── hoek@2.16.3
94 silly currentTree ├── hosted-git-info@2.4.1
94 silly currentTree ├── html-to-text@1.6.2
94 silly currentTree ├── htmlparser@1.7.7
94 silly currentTree ├─┬ htmlparser2@3.9.2
94 silly currentTree │ ├── isarray@1.0.0
94 silly currentTree │ └── readable-stream@2.2.6
94 silly currentTree ├── http-proxy-agent@1.0.0
94 silly currentTree ├── http-signature@1.1.1
94 silly currentTree ├── https-proxy-agent@1.0.0
94 silly currentTree ├── iconv-lite@0.4.15
94 silly currentTree ├── indent-string@2.1.0
94 silly currentTree ├── inflight@1.0.6
94 silly currentTree ├── inherits@2.0.3
94 silly currentTree ├── invert-kv@1.0.0
94 silly currentTree ├── ip@1.1.5
94 silly currentTree ├── is-arrayish@0.2.1
94 silly currentTree ├── is-arrow-function@2.0.3
94 silly currentTree ├── is-boolean-object@1.0.0
94 silly currentTree ├── is-buffer@1.1.5
94 silly currentTree ├── is-builtin-module@1.0.0
94 silly currentTree ├── is-callable@1.1.3
94 silly currentTree ├── is-date-object@1.0.1
94 silly currentTree ├── is-equal@1.5.5
94 silly currentTree ├── is-finite@1.0.2
94 silly currentTree ├── is-generator-function@1.0.6
94 silly currentTree ├── is-number-object@1.0.3
94 silly currentTree ├── is-regex@1.0.4
94 silly currentTree ├── is-stream@1.1.0
94 silly currentTree ├── is-string@1.0.4
94 silly currentTree ├── is-symbol@1.0.1
94 silly currentTree ├── is-typedarray@1.0.0
94 silly currentTree ├── is-utf8@0.2.1
94 silly currentTree ├── isarray@0.0.1
94 silly currentTree ├── isomorphic-fetch@2.2.1
94 silly currentTree ├── isstream@0.1.2
94 silly currentTree ├── jison-lex@0.2.1
94 silly currentTree ├─┬ jison@0.4.13
94 silly currentTree │ ├── escodegen@0.0.21
94 silly currentTree │ ├── esprima@1.0.4
94 silly currentTree │ └── estraverse@0.0.4
94 silly currentTree ├── jodid25519@1.0.2
94 silly currentTree ├── jsbn@0.1.1
94 silly currentTree ├── jsdom@7.2.2
94 silly currentTree ├── json-schema-to-markdown-table@1.0.0
94 silly currentTree ├── json-schema@0.2.3
94 silly currentTree ├── json-stable-stringify@1.0.1
94 silly currentTree ├── json-stringify-safe@5.0.1
94 silly currentTree ├── json3@3.3.2
94 silly currentTree ├─┬ jsondiffpatch@0.2.4
94 silly currentTree │ ├── ansi-regex@0.2.1
94 silly currentTree │ ├── ansi-styles@1.1.0
94 silly currentTree │ ├── chalk@0.5.1
94 silly currentTree │ ├── has-ansi@0.1.0
94 silly currentTree │ ├── strip-ansi@0.3.0
94 silly currentTree │ └── supports-color@0.2.0
94 silly currentTree ├── jsonify@0.0.0
94 silly currentTree ├─┬ jsonpath@0.2.11
94 silly currentTree │ ├── esprima@1.2.2
94 silly currentTree │ └── underscore@1.7.0
94 silly currentTree ├── JSONSelect@0.4.0
94 silly currentTree ├─┬ jsprim@1.4.0
94 silly currentTree │ └── assert-plus@1.0.0
94 silly currentTree ├── kind-of@3.1.0
94 silly currentTree ├── lazy-cache@1.0.4
94 silly currentTree ├── lcid@1.0.0
94 silly currentTree ├── levn@0.3.0
94 silly currentTree ├── lex-parser@0.1.4
94 silly currentTree ├── load-json-file@1.1.0
94 silly currentTree ├── lodash._baseassign@3.2.0
94 silly currentTree ├── lodash._basecopy@3.0.1
94 silly currentTree ├── lodash._basecreate@3.0.3
94 silly currentTree ├── lodash._getnative@3.9.1
94 silly currentTree ├── lodash._isiterateecall@3.0.9
94 silly currentTree ├── lodash.create@3.1.1
94 silly currentTree ├── lodash.isarguments@3.1.0
94 silly currentTree ├── lodash.isarray@3.0.4
94 silly currentTree ├── lodash.keys@3.1.2
94 silly currentTree ├── lodash@4.17.4
94 silly currentTree ├── log-symbols@1.0.2
94 silly currentTree ├── longest@1.0.1
94 silly currentTree ├── loud-rejection@1.6.0
94 silly currentTree ├── lru-cache@2.2.4
94 silly currentTree ├── map-obj@1.0.1
94 silly currentTree ├── MD5@1.3.0
94 silly currentTree ├── meow@3.7.0
94 silly currentTree ├── merge@1.2.0
94 silly currentTree ├── methods@1.1.2
94 silly currentTree ├── mime-db@1.27.0
94 silly currentTree ├── mime-types@2.1.15
94 silly currentTree ├── mime@1.3.4
94 silly currentTree ├── minimatch@3.0.3
94 silly currentTree ├── minimist@1.2.0
94 silly currentTree ├─┬ mkdirp@0.5.1
94 silly currentTree │ └── minimist@0.0.8
94 silly currentTree ├─┬ mocha@3.2.0
94 silly currentTree │ ├── debug@2.2.0
94 silly currentTree │ ├── glob@7.0.5
94 silly currentTree │ ├── ms@0.7.1
94 silly currentTree │ └── supports-color@3.1.2
94 silly currentTree ├── moment-range@2.2.0
94 silly currentTree ├── moment-timezone@0.4.1
94 silly currentTree ├── moment@2.18.1
94 silly currentTree ├── ms@0.7.2
94 silly currentTree ├─┬ needle@0.6.6
94 silly currentTree │ ├── iconv-lite@0.4.15
94 silly currentTree │ └── qs@6.4.0
94 silly currentTree ├── netmask@1.0.6
94 silly currentTree ├─┬ nock@7.7.3
94 silly currentTree │ └── lodash@3.10.1
94 silly currentTree ├── node-fetch@1.6.3
94 silly currentTree ├── node-html-encoder@0.0.2
94 silly currentTree ├─┬ nomnom@1.5.2
94 silly currentTree │ └── underscore@1.1.7
94 silly currentTree ├── normalize-package-data@2.3.6
94 silly currentTree ├── nth-check@1.0.1
94 silly currentTree ├── number-is-nan@1.0.1
94 silly currentTree ├── nwmatcher@1.3.9
94 silly currentTree ├── oauth-sign@0.8.2
94 silly currentTree ├── object-assign@4.1.1
94 silly currentTree ├── object-inspect@1.2.2
94 silly currentTree ├── object-keys@1.0.11
94 silly currentTree ├── object.entries@1.0.4
94 silly currentTree ├── once@1.4.0
94 silly currentTree ├── onetime@1.1.0
94 silly currentTree ├─┬ optimist@0.6.1
94 silly currentTree │ ├── minimist@0.0.10
94 silly currentTree │ └── wordwrap@0.0.3
94 silly currentTree ├── optionator@0.8.2
94 silly currentTree ├── ora@0.3.0
94 silly currentTree ├── os-locale@1.4.0
94 silly currentTree ├── pac-proxy-agent@1.0.0
94 silly currentTree ├─┬ pac-resolver@1.2.6
94 silly currentTree │ └── co@3.0.6
94 silly currentTree ├── parameterize@0.0.7
94 silly currentTree ├── parse-json@2.2.0
94 silly currentTree ├── parse5@1.5.1
94 silly currentTree ├── path-exists@2.1.0
94 silly currentTree ├── path-is-absolute@1.0.1
94 silly currentTree ├── path-type@1.1.0
94 silly currentTree ├── performance-now@0.2.0
94 silly currentTree ├── pify@2.3.0
94 silly currentTree ├── pinkie-promise@2.0.1
94 silly currentTree ├── pinkie@2.0.4
94 silly currentTree ├── prelude-ls@1.1.2
94 silly currentTree ├── private@0.1.7
94 silly currentTree ├── process-nextick-args@1.0.7
94 silly currentTree ├── propagate@0.3.1
94 silly currentTree ├─┬ proxy-agent@2.0.0
94 silly currentTree │ └── lru-cache@2.6.5
94 silly currentTree ├── punycode@1.4.1
94 silly currentTree ├── q@1.5.0
94 silly currentTree ├── qs@6.4.0
94 silly currentTree ├── querystring@0.2.0
94 silly currentTree ├── random-seed@0.2.0
94 silly currentTree ├── random-useragent@0.1.1
94 silly currentTree ├── read-pkg-up@1.0.1
94 silly currentTree ├── read-pkg@1.1.0
94 silly currentTree ├── readable-stream@1.1.14
94 silly currentTree ├─┬ recast@0.10.33
94 silly currentTree │ ├── ast-types@0.8.12
94 silly currentTree │ ├── esprima-fb@15001.1001.0-dev-harmony-fb
94 silly currentTree │ └── source-map@0.5.6
94 silly currentTree ├── redent@1.0.0
94 silly currentTree ├── reduce-component@1.0.1
94 silly currentTree ├── regenerator-runtime@0.9.6
94 silly currentTree ├─┬ regenerator@0.8.46
94 silly currentTree │ └── esprima-fb@15001.1001.0-dev-harmony-fb
94 silly currentTree ├── repeat-string@1.6.1
94 silly currentTree ├── repeating@2.0.1
94 silly currentTree ├── request-ip@1.2.3
94 silly currentTree ├── request@2.81.0
94 silly currentTree ├── restore-cursor@1.0.1
94 silly currentTree ├── right-align@0.1.3
94 silly currentTree ├─┬ rollbar@0.6.5
94 silly currentTree │ ├── async@1.2.1
94 silly currentTree │ ├── debug@2.2.0
94 silly currentTree │ └── ms@0.7.1
94 silly currentTree ├── safe-buffer@5.0.1
94 silly currentTree ├── sax@1.2.2
94 silly currentTree ├── semver@5.3.0
94 silly currentTree ├── signal-exit@3.0.2
94 silly currentTree ├── simple-fmt@0.1.0
94 silly currentTree ├── simple-is@0.2.0
94 silly currentTree ├── smart-buffer@1.1.15
94 silly currentTree ├── sntp@1.0.9
94 silly currentTree ├── socks-proxy-agent@2.0.0
94 silly currentTree ├── socks@1.1.10
94 silly currentTree ├── source-map@0.2.0
94 silly currentTree ├── spdx-correct@1.0.2
94 silly currentTree ├── spdx-expression-parse@1.0.4
94 silly currentTree ├── spdx-license-ids@1.2.2
94 silly currentTree ├─┬ sshpk@1.11.0
94 silly currentTree │ └── assert-plus@1.0.0
94 silly currentTree ├── stable@0.1.6
94 silly currentTree ├─┬ static-eval@0.2.3
94 silly currentTree │ ├── escodegen@0.0.28
94 silly currentTree │ ├── esprima@1.0.4
94 silly currentTree │ └── estraverse@1.3.2
94 silly currentTree ├── stream-to-buffer@0.1.0
94 silly currentTree ├── stream-to@0.2.2
94 silly currentTree ├── string_decoder@0.10.31
94 silly currentTree ├── stringmap@0.2.2
94 silly currentTree ├── stringset@0.2.1
94 silly currentTree ├── stringstream@0.0.5
94 silly currentTree ├── strip-ansi@3.0.1
94 silly currentTree ├── strip-bom@2.0.0
94 silly currentTree ├── strip-indent@1.0.1
94 silly currentTree ├── superagent-charset@0.0.1
94 silly currentTree ├── superagent-proxy@1.0.2
94 silly currentTree ├── superagent-retry@0.5.1
94 silly currentTree ├─┬ superagent@1.8.5
94 silly currentTree │ ├── form-data@1.0.0-rc3
94 silly currentTree │ ├── qs@2.3.3
94 silly currentTree │ └── readable-stream@1.0.27-1
94 silly currentTree ├── supports-color@2.0.0
94 silly currentTree ├── symbol-tree@3.2.2
94 silly currentTree ├── through@2.3.8
94 silly currentTree ├── thunkify@2.1.2
94 silly currentTree ├── tmatch@2.0.1
94 silly currentTree ├── tough-cookie@2.3.2
94 silly currentTree ├── tr46@0.0.3
94 silly currentTree ├── traverse-chain@0.1.0
94 silly currentTree ├── trim-newlines@1.0.0
94 silly currentTree ├── tryor@0.1.2
94 silly currentTree ├── tunnel-agent@0.6.0
94 silly currentTree ├── tv4@1.3.0
94 silly currentTree ├── tweetnacl@0.14.5
94 silly currentTree ├── type-check@0.3.2
94 silly currentTree ├── type-detect@1.0.0
94 silly currentTree ├── tz-lookup@6.0.7
94 silly currentTree ├── underscore.string@2.4.0
94 silly currentTree ├── underscore@1.8.3
94 silly currentTree ├─┬ url@0.11.0
94 silly currentTree │ └── punycode@1.3.2
94 silly currentTree ├── util-deprecate@1.0.2
94 silly currentTree ├── uuid@3.0.1
94 silly currentTree ├── validate-npm-package-license@3.0.1
94 silly currentTree ├── verbal-expressions@0.2.1
94 silly currentTree ├── verror@1.3.6
94 silly currentTree ├── webidl-conversions@2.0.1
94 silly currentTree ├── whatwg-fetch@2.0.3
94 silly currentTree ├── whatwg-url-compat@0.6.5
94 silly currentTree ├── window-size@0.1.4
94 silly currentTree ├── wordwrap@1.0.0
94 silly currentTree ├── wrappy@1.0.2
94 silly currentTree ├── xml-name-validator@2.0.1
94 silly currentTree ├── xregexp@3.1.1
94 silly currentTree ├── y18n@3.2.1
94 silly currentTree └─┬ yargs@3.27.0
94 silly currentTree   └── camelcase@1.2.1
95 silly idealTree cinepass-crawler@1.0.0
95 silly idealTree ├── abab@1.0.3
95 silly idealTree ├── acorn-globals@1.0.9
95 silly idealTree ├── acorn@2.7.0
95 silly idealTree ├─┬ agent-base@2.0.1
95 silly idealTree │ └── semver@5.0.3
95 silly idealTree ├── ajv@4.11.5
95 silly idealTree ├── align-text@0.1.4
95 silly idealTree ├── alter@0.2.0
95 silly idealTree ├── amdefine@1.0.1
95 silly idealTree ├── ansi-regex@2.1.1
95 silly idealTree ├── ansi-styles@2.2.1
95 silly idealTree ├── array-find-index@1.0.2
95 silly idealTree ├── asn1@0.2.3
95 silly idealTree ├── assert-plus@0.2.0
95 silly idealTree ├── assertion-error@1.0.2
95 silly idealTree ├── ast-traverse@0.1.1
95 silly idealTree ├── ast-types@0.9.11
95 silly idealTree ├── async@1.5.2
95 silly idealTree ├── asynckit@0.4.0
95 silly idealTree ├── aws-sign2@0.6.0
95 silly idealTree ├── aws4@1.6.0
95 silly idealTree ├── balanced-match@0.4.2
95 silly idealTree ├── bcrypt-pbkdf@1.0.1
95 silly idealTree ├── boolbase@1.0.0
95 silly idealTree ├── boom@2.10.1
95 silly idealTree ├── brace-expansion@1.1.6
95 silly idealTree ├── breakable@1.0.0
95 silly idealTree ├── browser-stdout@1.3.0
95 silly idealTree ├── buffer-shims@1.0.0
95 silly idealTree ├── builtin-modules@1.1.1
95 silly idealTree ├── camelcase-keys@2.1.0
95 silly idealTree ├── camelcase@2.1.1
95 silly idealTree ├── caseless@0.12.0
95 silly idealTree ├── center-align@0.1.3
95 silly idealTree ├── chai@3.5.0
95 silly idealTree ├── chalk@1.1.3
95 silly idealTree ├── charenc@0.0.2
95 silly idealTree ├─┬ cheerio@0.20.0
95 silly idealTree │ └─┬ htmlparser2@3.8.3
95 silly idealTree │   └── entities@1.0.0
95 silly idealTree ├── cjson@0.2.1
95 silly idealTree ├── cli-cursor@1.0.2
95 silly idealTree ├── cli-spinner@0.2.6
95 silly idealTree ├── cli-spinners@0.2.0
95 silly idealTree ├─┬ cli@0.11.3
95 silly idealTree │ └── glob@7.1.1
95 silly idealTree ├─┬ cliui@2.1.0
95 silly idealTree │ └── wordwrap@0.0.2
95 silly idealTree ├── co@4.6.0
95 silly idealTree ├── colors@0.5.1
95 silly idealTree ├── combined-stream@1.0.5
95 silly idealTree ├── commander@2.9.0
95 silly idealTree ├─┬ commoner@0.10.8
95 silly idealTree │ ├── ast-types@0.9.6
95 silly idealTree │ ├── esprima@3.1.3
95 silly idealTree │ ├── recast@0.11.23
95 silly idealTree │ └── source-map@0.5.6
95 silly idealTree ├── component-emitter@1.2.1
95 silly idealTree ├── concat-map@0.0.1
95 silly idealTree ├── console-stamp@0.2.5
95 silly idealTree ├── cookiejar@2.0.6
95 silly idealTree ├── core-util-is@1.0.2
95 silly idealTree ├── crypt@0.0.2
95 silly idealTree ├── cryptiles@2.0.5
95 silly idealTree ├── css-select@1.2.0
95 silly idealTree ├── css-what@2.1.0
95 silly idealTree ├── cssom@0.3.2
95 silly idealTree ├── cssstyle@0.2.37
95 silly idealTree ├── currently-unhandled@0.4.1
95 silly idealTree ├─┬ dashdash@1.14.1
95 silly idealTree │ └── assert-plus@1.0.0
95 silly idealTree ├── data-uri-to-buffer@0.0.4
95 silly idealTree ├── dateformat@1.0.12
95 silly idealTree ├── debug@2.6.3
95 silly idealTree ├── decache@3.1.0
95 silly idealTree ├── decamelize@1.2.0
95 silly idealTree ├─┬ deep-eql@0.1.3
95 silly idealTree │ └── type-detect@0.1.1
95 silly idealTree ├── deep-equal@1.0.1
95 silly idealTree ├── deep-is@0.1.3
95 silly idealTree ├── define-properties@1.1.2
95 silly idealTree ├── defined@1.0.0
95 silly idealTree ├─┬ defs@1.1.1
95 silly idealTree │ └── esprima-fb@15001.1001.0-dev-harmony-fb
95 silly idealTree ├─┬ degenerator@1.0.4
95 silly idealTree │ └── esprima@3.1.3
95 silly idealTree ├── delayed-stream@1.0.0
95 silly idealTree ├─┬ detective@4.5.0
95 silly idealTree │ └── acorn@4.0.11
95 silly idealTree ├── diff@1.4.0
95 silly idealTree ├─┬ dom-serializer@0.1.0
95 silly idealTree │ └── domelementtype@1.1.3
95 silly idealTree ├── domelementtype@1.3.0
95 silly idealTree ├── domhandler@2.3.0
95 silly idealTree ├── domutils@1.5.1
95 silly idealTree ├── ebnf-parser@0.1.10
95 silly idealTree ├── ecc-jsbn@0.1.1
95 silly idealTree ├── encoding@0.1.12
95 silly idealTree ├── entities@1.1.1
95 silly idealTree ├── error-ex@1.3.1
95 silly idealTree ├── es-abstract@1.7.0
95 silly idealTree ├── es-to-primitive@1.1.1
95 silly idealTree ├── es6-promise@3.3.1
95 silly idealTree ├── es6-shim@0.33.13
95 silly idealTree ├── escape-string-regexp@1.0.5
95 silly idealTree ├── escodegen@1.8.1
95 silly idealTree ├── esprima@2.7.3
95 silly idealTree ├── estraverse@1.9.3
95 silly idealTree ├── esutils@2.0.2
95 silly idealTree ├── exit-hook@1.1.1
95 silly idealTree ├── exit@0.1.2
95 silly idealTree ├── expect.js@0.3.1
95 silly idealTree ├── expect@1.20.2
95 silly idealTree ├── extend@3.0.0
95 silly idealTree ├── extsprintf@1.0.2
95 silly idealTree ├── fast-levenshtein@2.0.6
95 silly idealTree ├── file-uri-to-path@0.0.2
95 silly idealTree ├── find-up@1.1.2
95 silly idealTree ├── find@0.2.7
95 silly idealTree ├── foreach@2.0.5
95 silly idealTree ├── forever-agent@0.6.1
95 silly idealTree ├── form-data@2.1.2
95 silly idealTree ├── formidable@1.0.17
95 silly idealTree ├── fs.realpath@1.0.0
95 silly idealTree ├─┬ ftp@0.3.10
95 silly idealTree │ └── xregexp@2.0.0
95 silly idealTree ├── function-bind@1.1.0
95 silly idealTree ├── get-stdin@4.0.1
95 silly idealTree ├─┬ get-uri@1.1.0
95 silly idealTree │ ├── isarray@1.0.0
95 silly idealTree │ └── readable-stream@2.2.6
95 silly idealTree ├─┬ getpass@0.1.6
95 silly idealTree │ └── assert-plus@1.0.0
95 silly idealTree ├── glob@5.0.15
95 silly idealTree ├── graceful-fs@4.1.11
95 silly idealTree ├── graceful-readlink@1.0.1
95 silly idealTree ├── growl@1.9.2
95 silly idealTree ├── har-schema@1.0.5
95 silly idealTree ├── har-validator@4.2.1
95 silly idealTree ├── has-ansi@2.0.0
95 silly idealTree ├── has-flag@1.0.0
95 silly idealTree ├── has@1.0.1
95 silly idealTree ├── hawk@3.1.3
95 silly idealTree ├─┬ hipchatter@0.2.0
95 silly idealTree │ └── async@0.2.10
95 silly idealTree ├── hoek@2.16.3
95 silly idealTree ├── hosted-git-info@2.4.1
95 silly idealTree ├── html-to-text@1.6.2
95 silly idealTree ├── htmlparser@1.7.7
95 silly idealTree ├─┬ htmlparser2@3.9.2
95 silly idealTree │ ├── isarray@1.0.0
95 silly idealTree │ └── readable-stream@2.2.6
95 silly idealTree ├── http-proxy-agent@1.0.0
95 silly idealTree ├── http-signature@1.1.1
95 silly idealTree ├── https-proxy-agent@1.0.0
95 silly idealTree ├── iconv-lite@0.4.15
95 silly idealTree ├── indent-string@2.1.0
95 silly idealTree ├── inflight@1.0.6
95 silly idealTree ├── inherits@2.0.3
95 silly idealTree ├── invert-kv@1.0.0
95 silly idealTree ├── ip@1.1.5
95 silly idealTree ├── is-arrayish@0.2.1
95 silly idealTree ├── is-arrow-function@2.0.3
95 silly idealTree ├── is-boolean-object@1.0.0
95 silly idealTree ├── is-buffer@1.1.5
95 silly idealTree ├── is-builtin-module@1.0.0
95 silly idealTree ├── is-callable@1.1.3
95 silly idealTree ├── is-date-object@1.0.1
95 silly idealTree ├── is-equal@1.5.5
95 silly idealTree ├── is-finite@1.0.2
95 silly idealTree ├── is-generator-function@1.0.6
95 silly idealTree ├── is-number-object@1.0.3
95 silly idealTree ├── is-regex@1.0.4
95 silly idealTree ├── is-stream@1.1.0
95 silly idealTree ├── is-string@1.0.4
95 silly idealTree ├── is-symbol@1.0.1
95 silly idealTree ├── is-typedarray@1.0.0
95 silly idealTree ├── is-utf8@0.2.1
95 silly idealTree ├── isarray@0.0.1
95 silly idealTree ├── isomorphic-fetch@2.2.1
95 silly idealTree ├── isstream@0.1.2
95 silly idealTree ├── jison-lex@0.2.1
95 silly idealTree ├─┬ jison@0.4.13
95 silly idealTree │ ├── escodegen@0.0.21
95 silly idealTree │ ├── esprima@1.0.4
95 silly idealTree │ └── estraverse@0.0.4
95 silly idealTree ├── jodid25519@1.0.2
95 silly idealTree ├── jsbn@0.1.1
95 silly idealTree ├── jsdom@7.2.2
95 silly idealTree ├── json-schema-to-markdown-table@1.0.0
95 silly idealTree ├── json-schema@0.2.3
95 silly idealTree ├── json-stable-stringify@1.0.1
95 silly idealTree ├── json-stringify-safe@5.0.1
95 silly idealTree ├── json3@3.3.2
95 silly idealTree ├─┬ jsondiffpatch@0.2.4
95 silly idealTree │ ├── ansi-regex@0.2.1
95 silly idealTree │ ├── ansi-styles@1.1.0
95 silly idealTree │ ├── chalk@0.5.1
95 silly idealTree │ ├── has-ansi@0.1.0
95 silly idealTree │ ├── strip-ansi@0.3.0
95 silly idealTree │ └── supports-color@0.2.0
95 silly idealTree ├── jsonify@0.0.0
95 silly idealTree ├─┬ jsonpath@0.2.11
95 silly idealTree │ ├── esprima@1.2.2
95 silly idealTree │ └── underscore@1.7.0
95 silly idealTree ├── JSONSelect@0.4.0
95 silly idealTree ├─┬ jsprim@1.4.0
95 silly idealTree │ └── assert-plus@1.0.0
95 silly idealTree ├── kind-of@3.1.0
95 silly idealTree ├── lazy-cache@1.0.4
95 silly idealTree ├── lcid@1.0.0
95 silly idealTree ├── levn@0.3.0
95 silly idealTree ├── lex-parser@0.1.4
95 silly idealTree ├── load-json-file@1.1.0
95 silly idealTree ├── lodash._baseassign@3.2.0
95 silly idealTree ├── lodash._basecopy@3.0.1
95 silly idealTree ├── lodash._basecreate@3.0.3
95 silly idealTree ├── lodash._getnative@3.9.1
95 silly idealTree ├── lodash._isiterateecall@3.0.9
95 silly idealTree ├── lodash.create@3.1.1
95 silly idealTree ├── lodash.isarguments@3.1.0
95 silly idealTree ├── lodash.isarray@3.0.4
95 silly idealTree ├── lodash.keys@3.1.2
95 silly idealTree ├── lodash@4.17.4
95 silly idealTree ├── log-symbols@1.0.2
95 silly idealTree ├── longest@1.0.1
95 silly idealTree ├── loud-rejection@1.6.0
95 silly idealTree ├── lru-cache@2.2.4
95 silly idealTree ├── map-obj@1.0.1
95 silly idealTree ├── MD5@1.3.0
95 silly idealTree ├── meow@3.7.0
95 silly idealTree ├── merge@1.2.0
95 silly idealTree ├── methods@1.1.2
95 silly idealTree ├── mime-db@1.27.0
95 silly idealTree ├── mime-types@2.1.15
95 silly idealTree ├── mime@1.3.4
95 silly idealTree ├── minimatch@3.0.3
95 silly idealTree ├── minimist@1.2.0
95 silly idealTree ├─┬ mkdirp@0.5.1
95 silly idealTree │ └── minimist@0.0.8
95 silly idealTree ├─┬ mocha@3.2.0
95 silly idealTree │ ├── debug@2.2.0
95 silly idealTree │ ├── glob@7.0.5
95 silly idealTree │ ├── ms@0.7.1
95 silly idealTree │ └── supports-color@3.1.2
95 silly idealTree ├── moment-range@2.2.0
95 silly idealTree ├── moment-timezone@0.4.1
95 silly idealTree ├── moment@2.18.1
95 silly idealTree ├── ms@0.7.2
95 silly idealTree ├── nan@2.6.1
95 silly idealTree ├─┬ needle@0.6.6
95 silly idealTree │ ├── iconv-lite@0.4.15
95 silly idealTree │ └── qs@6.4.0
95 silly idealTree ├── netmask@1.0.6
95 silly idealTree ├─┬ nock@7.7.3
95 silly idealTree │ └── lodash@3.10.1
95 silly idealTree ├── node-fetch@1.6.3
95 silly idealTree ├── node-html-encoder@0.0.2
95 silly idealTree ├─┬ nomnom@1.5.2
95 silly idealTree │ └── underscore@1.1.7
95 silly idealTree ├── normalize-package-data@2.3.6
95 silly idealTree ├── nth-check@1.0.1
95 silly idealTree ├── number-is-nan@1.0.1
95 silly idealTree ├── nwmatcher@1.3.9
95 silly idealTree ├── oauth-sign@0.8.2
95 silly idealTree ├── object-assign@4.1.1
95 silly idealTree ├── object-inspect@1.2.2
95 silly idealTree ├── object-keys@1.0.11
95 silly idealTree ├── object.entries@1.0.4
95 silly idealTree ├── once@1.4.0
95 silly idealTree ├── onetime@1.1.0
95 silly idealTree ├─┬ optimist@0.6.1
95 silly idealTree │ ├── minimist@0.0.10
95 silly idealTree │ └── wordwrap@0.0.3
95 silly idealTree ├── optionator@0.8.2
95 silly idealTree ├── ora@0.3.0
95 silly idealTree ├── os-locale@1.4.0
95 silly idealTree ├── pac-proxy-agent@1.0.0
95 silly idealTree ├─┬ pac-resolver@1.2.6
95 silly idealTree │ └── co@3.0.6
95 silly idealTree ├── parameterize@0.0.7
95 silly idealTree ├── parse-json@2.2.0
95 silly idealTree ├── parse5@1.5.1
95 silly idealTree ├── path-exists@2.1.0
95 silly idealTree ├── path-is-absolute@1.0.1
95 silly idealTree ├── path-type@1.1.0
95 silly idealTree ├── performance-now@0.2.0
95 silly idealTree ├── pify@2.3.0
95 silly idealTree ├── pinkie-promise@2.0.1
95 silly idealTree ├── pinkie@2.0.4
95 silly idealTree ├── prelude-ls@1.1.2
95 silly idealTree ├── private@0.1.7
95 silly idealTree ├── process-nextick-args@1.0.7
95 silly idealTree ├── propagate@0.3.1
95 silly idealTree ├─┬ proxy-agent@2.0.0
95 silly idealTree │ └── lru-cache@2.6.5
95 silly idealTree ├── punycode@1.4.1
95 silly idealTree ├── q@1.5.0
95 silly idealTree ├── qs@6.4.0
95 silly idealTree ├── querystring@0.2.0
95 silly idealTree ├── random-seed@0.2.0
95 silly idealTree ├── random-useragent@0.1.1
95 silly idealTree ├── read-pkg-up@1.0.1
95 silly idealTree ├── read-pkg@1.1.0
95 silly idealTree ├── readable-stream@1.1.14
95 silly idealTree ├─┬ recast@0.10.33
95 silly idealTree │ ├── ast-types@0.8.12
95 silly idealTree │ ├── esprima-fb@15001.1001.0-dev-harmony-fb
95 silly idealTree │ └── source-map@0.5.6
95 silly idealTree ├── redent@1.0.0
95 silly idealTree ├── reduce-component@1.0.1
95 silly idealTree ├── regenerator-runtime@0.9.6
95 silly idealTree ├─┬ regenerator@0.8.46
95 silly idealTree │ └── esprima-fb@15001.1001.0-dev-harmony-fb
95 silly idealTree ├── repeat-string@1.6.1
95 silly idealTree ├── repeating@2.0.1
95 silly idealTree ├── request-ip@1.2.3
95 silly idealTree ├── request@2.81.0
95 silly idealTree ├── restore-cursor@1.0.1
95 silly idealTree ├── right-align@0.1.3
95 silly idealTree ├─┬ rollbar@0.6.5
95 silly idealTree │ ├── async@1.2.1
95 silly idealTree │ ├── debug@2.2.0
95 silly idealTree │ └── ms@0.7.1
95 silly idealTree ├── safe-buffer@5.0.1
95 silly idealTree ├── sax@1.2.2
95 silly idealTree ├── semver@5.3.0
95 silly idealTree ├── signal-exit@3.0.2
95 silly idealTree ├── simple-fmt@0.1.0
95 silly idealTree ├── simple-is@0.2.0
95 silly idealTree ├── sleep@3.0.1
95 silly idealTree ├── smart-buffer@1.1.15
95 silly idealTree ├── sntp@1.0.9
95 silly idealTree ├── socks-proxy-agent@2.0.0
95 silly idealTree ├── socks@1.1.10
95 silly idealTree ├── source-map@0.2.0
95 silly idealTree ├── spdx-correct@1.0.2
95 silly idealTree ├── spdx-expression-parse@1.0.4
95 silly idealTree ├── spdx-license-ids@1.2.2
95 silly idealTree ├─┬ sshpk@1.11.0
95 silly idealTree │ └── assert-plus@1.0.0
95 silly idealTree ├── stable@0.1.6
95 silly idealTree ├─┬ static-eval@0.2.3
95 silly idealTree │ ├── escodegen@0.0.28
95 silly idealTree │ ├── esprima@1.0.4
95 silly idealTree │ └── estraverse@1.3.2
95 silly idealTree ├── stream-to-buffer@0.1.0
95 silly idealTree ├── stream-to@0.2.2
95 silly idealTree ├── string_decoder@0.10.31
95 silly idealTree ├── stringmap@0.2.2
95 silly idealTree ├── stringset@0.2.1
95 silly idealTree ├── stringstream@0.0.5
95 silly idealTree ├── strip-ansi@3.0.1
95 silly idealTree ├── strip-bom@2.0.0
95 silly idealTree ├── strip-indent@1.0.1
95 silly idealTree ├── superagent-charset@0.0.1
95 silly idealTree ├── superagent-proxy@1.0.2
95 silly idealTree ├── superagent-retry@0.5.1
95 silly idealTree ├─┬ superagent@1.8.5
95 silly idealTree │ ├── form-data@1.0.0-rc3
95 silly idealTree │ ├── qs@2.3.3
95 silly idealTree │ └── readable-stream@1.0.27-1
95 silly idealTree ├── supports-color@2.0.0
95 silly idealTree ├── symbol-tree@3.2.2
95 silly idealTree ├── through@2.3.8
95 silly idealTree ├── thunkify@2.1.2
95 silly idealTree ├── tmatch@2.0.1
95 silly idealTree ├── tough-cookie@2.3.2
95 silly idealTree ├── tr46@0.0.3
95 silly idealTree ├── traverse-chain@0.1.0
95 silly idealTree ├── trim-newlines@1.0.0
95 silly idealTree ├── tryor@0.1.2
95 silly idealTree ├── tunnel-agent@0.6.0
95 silly idealTree ├── tv4@1.3.0
95 silly idealTree ├── tweetnacl@0.14.5
95 silly idealTree ├── type-check@0.3.2
95 silly idealTree ├── type-detect@1.0.0
95 silly idealTree ├── tz-lookup@6.0.7
95 silly idealTree ├── underscore.string@2.4.0
95 silly idealTree ├── underscore@1.8.3
95 silly idealTree ├─┬ url@0.11.0
95 silly idealTree │ └── punycode@1.3.2
95 silly idealTree ├── util-deprecate@1.0.2
95 silly idealTree ├── uuid@3.0.1
95 silly idealTree ├── validate-npm-package-license@3.0.1
95 silly idealTree ├── verbal-expressions@0.2.1
95 silly idealTree ├── verror@1.3.6
95 silly idealTree ├── webidl-conversions@2.0.1
95 silly idealTree ├── whatwg-fetch@2.0.3
95 silly idealTree ├── whatwg-url-compat@0.6.5
95 silly idealTree ├── window-size@0.1.4
95 silly idealTree ├── wordwrap@1.0.0
95 silly idealTree ├── wrappy@1.0.2
95 silly idealTree ├── xml-name-validator@2.0.1
95 silly idealTree ├── xregexp@3.1.1
95 silly idealTree ├── y18n@3.2.1
95 silly idealTree └─┬ yargs@3.27.0
95 silly idealTree   └── camelcase@1.2.1
96 silly generateActionsToTake Starting
97 silly install generateActionsToTake
98 silly generateActionsToTake Finishing
99 silly diffTrees action count 2
100 silly diffTrees add nan@2.6.1
101 silly diffTrees add sleep@3.0.1
102 silly decomposeActions action count 16
103 silly decomposeActions fetch nan@2.6.1
104 silly decomposeActions extract nan@2.6.1
105 silly decomposeActions test nan@2.6.1
106 silly decomposeActions preinstall nan@2.6.1
107 silly decomposeActions build nan@2.6.1
108 silly decomposeActions install nan@2.6.1
109 silly decomposeActions postinstall nan@2.6.1
110 silly decomposeActions finalize nan@2.6.1
111 silly decomposeActions fetch sleep@3.0.1
112 silly decomposeActions extract sleep@3.0.1
113 silly decomposeActions test sleep@3.0.1
114 silly decomposeActions preinstall sleep@3.0.1
115 silly decomposeActions build sleep@3.0.1
116 silly decomposeActions install sleep@3.0.1
117 silly decomposeActions postinstall sleep@3.0.1
118 silly decomposeActions finalize sleep@3.0.1
119 silly executeActions Starting
120 silly install executeActions
121 silly doSerial global-install 0
122 silly doParallel fetch 2
123 verbose lock using /home/ruby/.npm/_locks/staging-74912d8729130a33.lock for /home/ruby/Scrapy/showtimes/node_modules/.staging
124 silly doParallel extract 2
125 silly extract nan@2.6.1
126 silly extract sleep@3.0.1
127 verbose unbuild node_modules/.staging/nan-d74a78b9
128 verbose unbuild node_modules/.staging/sleep-6f23988d
129 silly gentlyRm /home/ruby/Scrapy/showtimes/node_modules/.staging/nan-d74a78b9 is being purged from base /home/ruby/Scrapy/showtimes
130 verbose gentlyRm don't care about contents; nuking /home/ruby/Scrapy/showtimes/node_modules/.staging/nan-d74a78b9
131 silly gentlyRm /home/ruby/Scrapy/showtimes/node_modules/.staging/sleep-6f23988d is being purged from base /home/ruby/Scrapy/showtimes
132 verbose gentlyRm don't care about contents; nuking /home/ruby/Scrapy/showtimes/node_modules/.staging/sleep-6f23988d
133 verbose tar unpack /home/ruby/.npm/nan/2.6.1/package.tgz
134 verbose tar unpacking to /home/ruby/Scrapy/showtimes/node_modules/.staging/nan-d74a78b9
135 silly gentlyRm /home/ruby/Scrapy/showtimes/node_modules/.staging/nan-d74a78b9 is being purged
136 verbose gentlyRm don't care about contents; nuking /home/ruby/Scrapy/showtimes/node_modules/.staging/nan-d74a78b9
137 verbose tar unpack /home/ruby/.npm/sleep/3.0.1/package.tgz
138 verbose tar unpacking to /home/ruby/Scrapy/showtimes/node_modules/.staging/sleep-6f23988d
139 silly gentlyRm /home/ruby/Scrapy/showtimes/node_modules/.staging/sleep-6f23988d is being purged
140 verbose gentlyRm don't care about contents; nuking /home/ruby/Scrapy/showtimes/node_modules/.staging/sleep-6f23988d
141 silly gunzTarPerm modes [ '775', '664' ]
142 silly gunzTarPerm modes [ '775', '664' ]
143 silly gunzTarPerm extractEntry package.json
144 silly gunzTarPerm extractEntry package.json
145 silly gunzTarPerm extractEntry README.md
146 silly gunzTarPerm extractEntry include_dirs.js
147 silly gunzTarPerm extractEntry .npmignore
148 silly gunzTarPerm extractEntry README.md
149 silly gunzTarPerm extractEntry nan_converters_43_inl.h
150 silly gunzTarPerm extractEntry LICENSE.md
151 silly gunzTarPerm extractEntry doc/new.md
152 silly gunzTarPerm extractEntry index.js
153 silly gunzTarPerm extractEntry test.js
154 silly gunzTarPerm extractEntry doc/asyncworker.md
155 silly gunzTarPerm extractEntry LICENSE.txt
156 silly gunzTarPerm extractEntry binding.gyp
157 silly gunzTarPerm extractEntry doc/callback.md
158 silly gunzTarPerm extractEntry doc/converters.md
159 silly gunzTarPerm extractEntry sleep.cc
160 silly gunzTarPerm extractEntry doc/errors.md
161 silly gunzTarPerm extractEntry doc/json.md
162 silly gunzTarPerm extractEntry doc/maybe_types.md
163 silly gunzTarPerm extractEntry doc/methods.md
164 silly gunzTarPerm extractEntry doc/buffers.md
165 silly gunzTarPerm extractEntry doc/node_misc.md
166 silly gunzTarPerm extractEntry doc/object_wrappers.md
167 silly gunzTarPerm extractEntry doc/persistent.md
168 silly gunzTarPerm extractEntry doc/scopes.md
169 silly gunzTarPerm extractEntry doc/script.md
170 silly gunzTarPerm extractEntry doc/string_bytes.md
171 silly gunzTarPerm extractEntry doc/v8_internals.md
172 silly gentlyRm /home/ruby/Scrapy/showtimes/node_modules/.staging/sleep-6f23988d/node_modules is being purged
173 verbose gentlyRm don't care about contents; nuking /home/ruby/Scrapy/showtimes/node_modules/.staging/sleep-6f23988d/node_modules
174 silly gunzTarPerm extractEntry doc/v8_misc.md
175 silly gunzTarPerm extractEntry nan.h
176 silly gunzTarPerm extractEntry nan_callbacks.h
177 silly gunzTarPerm extractEntry nan_callbacks_12_inl.h
178 silly gunzTarPerm extractEntry nan_callbacks_pre_12_inl.h
179 silly gunzTarPerm extractEntry nan_converters.h
180 silly gunzTarPerm extractEntry nan_converters_pre_43_inl.h
181 silly gunzTarPerm extractEntry nan_implementation_12_inl.h
182 silly gunzTarPerm extractEntry nan_implementation_pre_12_inl.h
183 silly gunzTarPerm extractEntry nan_json.h
184 silly gunzTarPerm extractEntry nan_maybe_43_inl.h
185 silly gunzTarPerm extractEntry nan_maybe_pre_43_inl.h
186 silly gunzTarPerm extractEntry nan_new.h
187 silly gunzTarPerm extractEntry nan_object_wrap.h
188 silly gunzTarPerm extractEntry nan_persistent_12_inl.h
189 silly gunzTarPerm extractEntry nan_persistent_pre_12_inl.h
190 silly gunzTarPerm extractEntry nan_private.h
191 silly gunzTarPerm extractEntry nan_string_bytes.h
192 silly gunzTarPerm extractEntry nan_typedarray_contents.h
193 silly gunzTarPerm extractEntry nan_weak.h
194 silly gunzTarPerm extractEntry CHANGELOG.md
195 silly gunzTarPerm extractEntry tools/package.json
196 silly gunzTarPerm extractEntry tools/README.md
197 silly gunzTarPerm extractEntry tools/1to2.js
198 silly gentlyRm /home/ruby/Scrapy/showtimes/node_modules/.staging/nan-d74a78b9/node_modules is being purged
199 verbose gentlyRm don't care about contents; nuking /home/ruby/Scrapy/showtimes/node_modules/.staging/nan-d74a78b9/node_modules
200 silly doParallel preinstall 2
201 silly preinstall nan@2.6.1 /home/ruby/Scrapy/showtimes/node_modules/.staging/nan-d74a78b9
202 info lifecycle nan@2.6.1~preinstall: nan@2.6.1
203 silly preinstall sleep@3.0.1 /home/ruby/Scrapy/showtimes/node_modules/.staging/sleep-6f23988d
204 info lifecycle sleep@3.0.1~preinstall: sleep@3.0.1
205 silly lifecycle nan@2.6.1~preinstall: no script for preinstall, continuing
206 silly lifecycle sleep@3.0.1~preinstall: no script for preinstall, continuing
207 silly doReverseSerial remove 0
208 silly doSerial move 0
209 silly doSerial finalize 2
210 silly finalize /home/ruby/Scrapy/showtimes/node_modules/nan
211 silly finalize /home/ruby/Scrapy/showtimes/node_modules/sleep
212 silly doSerial build 2
213 silly build nan@2.6.1
214 info linkStuff nan@2.6.1
215 silly linkStuff nan@2.6.1 has /home/ruby/Scrapy/showtimes/node_modules as its parent node_modules
216 verbose linkBins nan@2.6.1
217 verbose linkMans nan@2.6.1
218 silly build sleep@3.0.1
219 info linkStuff sleep@3.0.1
220 silly linkStuff sleep@3.0.1 has /home/ruby/Scrapy/showtimes/node_modules as its parent node_modules
221 verbose linkBins sleep@3.0.1
222 verbose linkMans sleep@3.0.1
223 silly doSerial global-link 0
224 silly doParallel update-linked 0
225 silly doSerial install 2
226 silly install nan@2.6.1 /home/ruby/Scrapy/showtimes/node_modules/.staging/nan-d74a78b9
227 info lifecycle nan@2.6.1~install: nan@2.6.1
228 silly lifecycle nan@2.6.1~install: no script for install, continuing
229 silly install sleep@3.0.1 /home/ruby/Scrapy/showtimes/node_modules/.staging/sleep-6f23988d
230 info lifecycle sleep@3.0.1~install: sleep@3.0.1
231 verbose lifecycle sleep@3.0.1~install: unsafe-perm in lifecycle true
232 verbose lifecycle sleep@3.0.1~install: PATH: /usr/share/npm/bin/node-gyp-bin:/home/ruby/Scrapy/showtimes/node_modules/sleep/node_modules/.bin:/home/ruby/Scrapy/showtimes/node_modules/.bin:/home/ruby/newENv/bin:/usr/local/sbin:/usr/local/bin:/usr/sbin:/usr/bin:/sbin:/bin:/usr/games:/usr/local/games:/snap/bin
233 verbose lifecycle sleep@3.0.1~install: CWD: /home/ruby/Scrapy/showtimes/node_modules/sleep
234 silly lifecycle sleep@3.0.1~install: Args: [ '-c', 'node-gyp rebuild' ]
235 silly lifecycle sleep@3.0.1~install: Returned: code: 1  signal: null
236 info lifecycle sleep@3.0.1~install: Failed to exec install script
237 verbose unlock done using /home/ruby/.npm/_locks/staging-74912d8729130a33.lock for /home/ruby/Scrapy/showtimes/node_modules/.staging
238 silly rollbackFailedOptional Starting
239 silly rollbackFailedOptional Finishing
240 silly runTopLevelLifecycles Starting
241 silly runTopLevelLifecycles Finishing
242 silly install printInstalled
243 warn cinepass-crawler@1.0.0 No description
244 warn cinepass-crawler@1.0.0 No repository field.
245 verbose stack Error: sleep@3.0.1 install: `node-gyp rebuild`
245 verbose stack Exit status 1
245 verbose stack     at EventEmitter.<anonymous> (/usr/share/npm/lib/utils/lifecycle.js:232:16)
245 verbose stack     at emitTwo (events.js:87:13)
245 verbose stack     at EventEmitter.emit (events.js:172:7)
245 verbose stack     at ChildProcess.<anonymous> (/usr/share/npm/lib/utils/spawn.js:24:14)
245 verbose stack     at emitTwo (events.js:87:13)
245 verbose stack     at ChildProcess.emit (events.js:172:7)
245 verbose stack     at maybeClose (internal/child_process.js:821:16)
245 verbose stack     at Process.ChildProcess._handle.onexit (internal/child_process.js:211:5)
246 verbose pkgid sleep@3.0.1
247 verbose cwd /home/ruby/Scrapy/showtimes
248 error Linux 4.4.0-71-generic
249 error argv "/usr/bin/nodejs" "/usr/bin/npm" "install" "sleep"
250 error node v4.2.6
251 error npm  v3.5.2
252 error code ELIFECYCLE
253 error sleep@3.0.1 install: `node-gyp rebuild`
253 error Exit status 1
254 error Failed at the sleep@3.0.1 install script 'node-gyp rebuild'.
254 error Make sure you have the latest version of node.js and npm installed.
254 error If you do, this is most likely a problem with the sleep package,
254 error not with npm itself.
254 error Tell the author that this fails on your system:
254 error     node-gyp rebuild
254 error You can get information on how to open an issue for this project with:
254 error     npm bugs sleep
254 error Or if that isn't available, you can get their info via:
254 error     npm owner ls sleep
254 error There is likely additional logging output above.
255 verbose exit [ 1, true ]
